<?xml version="1.0" encoding="UTF-8"?>
<testsuite name="com.example.vet.VetApplicationTests" tests="1" skipped="0" failures="0" errors="0" timestamp="2024-02-21T10:53:59" hostname="JANGHWANui-MacBookAir.local" time="0.521">
  <properties/>
  <testcase name="contextLoads()" classname="com.example.vet.VetApplicationTests" time="0.521"/>
  <system-out><![CDATA[19:53:56.506 [Test worker] INFO org.springframework.test.context.support.AnnotationConfigContextLoaderUtils -- Could not detect default configuration classes for test class [com.example.vet.VetApplicationTests]: VetApplicationTests does not declare any static, non-private, non-final, nested classes annotated with @Configuration.
19:53:56.600 [Test worker] INFO org.springframework.boot.test.context.SpringBootTestContextBootstrapper -- Found @SpringBootConfiguration com.example.vet.VetApplication for test class com.example.vet.VetApplicationTests
19:53:56,401 |-INFO in ch.qos.logback.classic.LoggerContext[default] - This is logback-classic version 1.4.14
19:53:56,403 |-INFO in ch.qos.logback.classic.util.ContextInitializer@b18c4 - Here is a list of configurators discovered as a service, by rank: 
19:53:56,403 |-INFO in ch.qos.logback.classic.util.ContextInitializer@b18c4 -   org.springframework.boot.logging.logback.RootLogLevelConfigurator
19:53:56,403 |-INFO in ch.qos.logback.classic.util.ContextInitializer@b18c4 - They will be invoked in order until ExecutionStatus.DO_NOT_INVOKE_NEXT_IF_ANY is returned.
19:53:56,403 |-INFO in ch.qos.logback.classic.util.ContextInitializer@b18c4 - Constructed configurator of type class org.springframework.boot.logging.logback.RootLogLevelConfigurator
19:53:56,411 |-INFO in ch.qos.logback.classic.util.ContextInitializer@b18c4 - org.springframework.boot.logging.logback.RootLogLevelConfigurator.configure() call lasted 0 milliseconds. ExecutionStatus=INVOKE_NEXT_IF_ANY
19:53:56,411 |-INFO in ch.qos.logback.classic.util.ContextInitializer@b18c4 - Trying to configure with ch.qos.logback.classic.joran.SerializedModelConfigurator
19:53:56,412 |-INFO in ch.qos.logback.classic.util.ContextInitializer@b18c4 - Constructed configurator of type class ch.qos.logback.classic.joran.SerializedModelConfigurator
19:53:56,414 |-INFO in ch.qos.logback.classic.LoggerContext[default] - Could NOT find resource [logback-test.scmo]
19:53:56,414 |-INFO in ch.qos.logback.classic.LoggerContext[default] - Could NOT find resource [logback.scmo]
19:53:56,414 |-INFO in ch.qos.logback.classic.util.ContextInitializer@b18c4 - ch.qos.logback.classic.joran.SerializedModelConfigurator.configure() call lasted 2 milliseconds. ExecutionStatus=INVOKE_NEXT_IF_ANY
19:53:56,414 |-INFO in ch.qos.logback.classic.util.ContextInitializer@b18c4 - Trying to configure with ch.qos.logback.classic.util.DefaultJoranConfigurator
19:53:56,415 |-INFO in ch.qos.logback.classic.util.ContextInitializer@b18c4 - Constructed configurator of type class ch.qos.logback.classic.util.DefaultJoranConfigurator
19:53:56,415 |-INFO in ch.qos.logback.classic.LoggerContext[default] - Could NOT find resource [logback-test.xml]
19:53:56,415 |-INFO in ch.qos.logback.classic.LoggerContext[default] - Could NOT find resource [logback.xml]
19:53:56,415 |-INFO in ch.qos.logback.classic.util.ContextInitializer@b18c4 - ch.qos.logback.classic.util.DefaultJoranConfigurator.configure() call lasted 0 milliseconds. ExecutionStatus=INVOKE_NEXT_IF_ANY
19:53:56,415 |-INFO in ch.qos.logback.classic.util.ContextInitializer@b18c4 - Trying to configure with ch.qos.logback.classic.BasicConfigurator
19:53:56,416 |-INFO in ch.qos.logback.classic.util.ContextInitializer@b18c4 - Constructed configurator of type class ch.qos.logback.classic.BasicConfigurator
19:53:56,416 |-INFO in ch.qos.logback.classic.BasicConfigurator@4cbf4f53 - Setting up default configuration.
19:53:56,428 |-INFO in ch.qos.logback.classic.util.ContextInitializer@b18c4 - ch.qos.logback.classic.BasicConfigurator.configure() call lasted 12 milliseconds. ExecutionStatus=NEUTRAL
19:53:56,906 |-INFO in ch.qos.logback.core.joran.action.ConversionRuleAction - registering conversion word clr with class [org.springframework.boot.logging.logback.ColorConverter]
19:53:56,906 |-INFO in ch.qos.logback.core.joran.action.ConversionRuleAction - registering conversion word wex with class [org.springframework.boot.logging.logback.WhitespaceThrowableProxyConverter]
19:53:56,906 |-INFO in ch.qos.logback.core.joran.action.ConversionRuleAction - registering conversion word wEx with class [org.springframework.boot.logging.logback.ExtendedWhitespaceThrowableProxyConverter]
19:53:56,910 |-INFO in ch.qos.logback.core.joran.util.ConfigurationWatchListUtil@597f48df - Adding [jar:file:/Users/janghwan/.gradle/caches/modules-2/files-2.1/org.springframework.boot/spring-boot/3.1.8/7a4a127cabca554a024dc821e30530e9c3f64790/spring-boot-3.1.8.jar!/org/springframework/boot/logging/logback/file-appender.xml] to configuration watch list.
19:53:56,910 |-INFO in ch.qos.logback.core.joran.spi.ConfigurationWatchList@15dd5ac2 - URL [jar:file:/Users/janghwan/.gradle/caches/modules-2/files-2.1/org.springframework.boot/spring-boot/3.1.8/7a4a127cabca554a024dc821e30530e9c3f64790/spring-boot-3.1.8.jar!/org/springframework/boot/logging/logback/file-appender.xml] is not of type file
19:53:56,932 |-INFO in ch.qos.logback.classic.model.processor.ConfigurationModelHandlerFull - Registering a new ReconfigureOnChangeTask ReconfigureOnChangeTask(born:1708512836931)
19:53:56,932 |-INFO in ch.qos.logback.classic.model.processor.ConfigurationModelHandlerFull - Will scan for changes in [file:/Users/janghwan/workspace/Group_Project/develop/project_vet/build/resources/main/logback-spring.xml] 
19:53:56,933 |-INFO in ch.qos.logback.classic.model.processor.ConfigurationModelHandlerFull - Setting ReconfigureOnChangeTask scanning period to 30 seconds
19:53:56,935 |-INFO in ch.qos.logback.core.model.processor.AppenderModelHandler - Processing appender named [CONSOLE]
19:53:56,935 |-INFO in ch.qos.logback.core.model.processor.AppenderModelHandler - About to instantiate appender of type [ch.qos.logback.core.ConsoleAppender]
19:53:56,938 |-INFO in ch.qos.logback.core.model.processor.ImplicitModelHandler - Assuming default type [ch.qos.logback.classic.encoder.PatternLayoutEncoder] for [encoder] property
19:53:56,948 |-WARN in ch.qos.logback.core.model.processor.AppenderModelHandler - Appender named [FILE] not referenced. Skipping further processing.
19:53:56,948 |-INFO in ch.qos.logback.classic.model.processor.LoggerModelHandler - Setting level of logger [org.apache.catalina.startup.DigesterFactory] to ERROR
19:53:56,948 |-INFO in ch.qos.logback.classic.jul.LevelChangePropagator@4d48bd85 - Propagating ERROR level on Logger[org.apache.catalina.startup.DigesterFactory] onto the JUL framework
19:53:56,948 |-INFO in ch.qos.logback.classic.model.processor.LoggerModelHandler - Setting level of logger [org.apache.catalina.util.LifecycleBase] to ERROR
19:53:56,948 |-INFO in ch.qos.logback.classic.jul.LevelChangePropagator@4d48bd85 - Propagating ERROR level on Logger[org.apache.catalina.util.LifecycleBase] onto the JUL framework
19:53:56,948 |-INFO in ch.qos.logback.classic.model.processor.LoggerModelHandler - Setting level of logger [org.apache.coyote.http11.Http11NioProtocol] to WARN
19:53:56,948 |-INFO in ch.qos.logback.classic.jul.LevelChangePropagator@4d48bd85 - Propagating WARN level on Logger[org.apache.coyote.http11.Http11NioProtocol] onto the JUL framework
19:53:56,948 |-INFO in ch.qos.logback.classic.model.processor.LoggerModelHandler - Setting level of logger [org.apache.sshd.common.util.SecurityUtils] to WARN
19:53:56,948 |-INFO in ch.qos.logback.classic.jul.LevelChangePropagator@4d48bd85 - Propagating WARN level on Logger[org.apache.sshd.common.util.SecurityUtils] onto the JUL framework
19:53:56,948 |-INFO in ch.qos.logback.classic.model.processor.LoggerModelHandler - Setting level of logger [org.apache.tomcat.util.net.NioSelectorPool] to WARN
19:53:56,948 |-INFO in ch.qos.logback.classic.jul.LevelChangePropagator@4d48bd85 - Propagating WARN level on Logger[org.apache.tomcat.util.net.NioSelectorPool] onto the JUL framework
19:53:56,948 |-INFO in ch.qos.logback.classic.model.processor.LoggerModelHandler - Setting level of logger [org.eclipse.jetty.util.component.AbstractLifeCycle] to ERROR
19:53:56,948 |-INFO in ch.qos.logback.classic.jul.LevelChangePropagator@4d48bd85 - Propagating ERROR level on Logger[org.eclipse.jetty.util.component.AbstractLifeCycle] onto the JUL framework
19:53:56,949 |-INFO in ch.qos.logback.classic.model.processor.LoggerModelHandler - Setting level of logger [org.hibernate.validator.internal.util.Version] to WARN
19:53:56,949 |-INFO in ch.qos.logback.classic.jul.LevelChangePropagator@4d48bd85 - Propagating WARN level on Logger[org.hibernate.validator.internal.util.Version] onto the JUL framework
19:53:56,949 |-INFO in ch.qos.logback.classic.model.processor.LoggerModelHandler - Setting level of logger [org.springframework.boot.actuate.endpoint.jmx] to WARN
19:53:56,949 |-INFO in ch.qos.logback.classic.jul.LevelChangePropagator@4d48bd85 - Propagating WARN level on Logger[org.springframework.boot.actuate.endpoint.jmx] onto the JUL framework
19:53:56,949 |-INFO in ch.qos.logback.classic.model.processor.RootLoggerModelHandler - Setting level of ROOT logger to INFO
19:53:56,949 |-INFO in ch.qos.logback.classic.jul.LevelChangePropagator@4d48bd85 - Propagating INFO level on Logger[ROOT] onto the JUL framework
19:53:56,949 |-INFO in ch.qos.logback.core.model.processor.AppenderRefModelHandler - Attaching appender named [CONSOLE] to Logger[ROOT]
19:53:56,949 |-INFO in ch.qos.logback.core.model.processor.DefaultProcessor@7bbbb6a8 - End of configuration.
19:53:56,949 |-INFO in org.springframework.boot.logging.logback.SpringBootJoranConfigurator@58a120b0 - Registering current configuration as safe fallback point


  .   ____          _            __ _ _
 /\\ / ___'_ __ _ _(_)_ __  __ _ \ \ \ \
( ( )\___ | '_ | '_| | '_ \/ _` | \ \ \ \
 \\/  ___)| |_)| | | | | || (_| |  ) ) ) )
  '  |____| .__|_| |_|_| |_\__, | / / / /
 =========|_|==============|___/=/_/_/_/
?[32m :: Spring Boot :: ?[39m              ?[2m (v3.1.8)?[0;39m

?[33m2024-02-21 19:53:56.993?[0;39m ?[31m[INFO]?[0;39m ?[35m46931?[0;39m ?[36m[StartupInfoLogger.java : 51]?[0;39m ?[32m{Starting VetApplicationTests using Java 17.0.9 with PID 46931 (started by janghwan in /Users/janghwan/workspace/Group_Project/develop/project_vet)}?[0;39m
?[33m2024-02-21 19:53:56.994?[0;39m ?[31m[INFO]?[0;39m ?[35m46931?[0;39m ?[36m[SpringApplication.java : 638]?[0;39m ?[32m{No active profile set, falling back to 1 default profile: "default"}?[0;39m
?[33m2024-02-21 19:53:57.474?[0;39m ?[31m[WARN]?[0;39m ?[35m46931?[0;39m ?[36m[Logger.java : 44]?[0;39m ?[32m{No MyBatis mapper was found in '[com.example.vet]' package. Please check your configuration.}?[0;39m
?[33m2024-02-21 19:53:57.709?[0;39m ?[31m[INFO]?[0;39m ?[35m46931?[0;39m ?[36m[HikariDataSource.java : 79]?[0;39m ?[32m{oraPool - Starting...}?[0;39m
?[33m2024-02-21 19:53:58.479?[0;39m ?[31m[INFO]?[0;39m ?[35m46931?[0;39m ?[36m[HikariPool.java : 554]?[0;39m ?[32m{oraPool - Added connection oracle.jdbc.driver.T4CConnection@191a0351}?[0;39m
?[33m2024-02-21 19:53:58.480?[0;39m ?[31m[INFO]?[0;39m ?[35m46931?[0;39m ?[36m[HikariDataSource.java : 81]?[0;39m ?[32m{oraPool - Start completed.}?[0;39m
?[33m2024-02-21 19:53:58.483?[0;39m ?[31m[INFO]?[0;39m ?[35m46931?[0;39m ?[36m[DatabaseConfiguration.java : 43]?[0;39m ?[32m{datasource : HikariDataSource (oraPool)}?[0;39m
?[33m2024-02-21 19:53:58.964?[0;39m ?[31m[INFO]?[0;39m ?[35m46931?[0;39m ?[36m[DefaultSecurityFilterChain.java : 54]?[0;39m ?[32m{Will secure any request with [org.springframework.security.web.session.DisableEncodeUrlFilter@1f1fbc9f, org.springframework.security.web.context.request.async.WebAsyncManagerIntegrationFilter@10d4b573, org.springframework.security.web.context.SecurityContextHolderFilter@25421809, org.springframework.security.web.header.HeaderWriterFilter@2faf6e4a, org.springframework.security.web.authentication.logout.LogoutFilter@35ceec81, org.springframework.security.oauth2.client.web.OAuth2AuthorizationRequestRedirectFilter@3d764641, org.springframework.security.oauth2.client.web.OAuth2LoginAuthenticationFilter@1e8bccfb, org.springframework.security.web.authentication.UsernamePasswordAuthenticationFilter@ca2be53, org.springframework.security.web.savedrequest.RequestCacheAwareFilter@6ac9b66b, org.springframework.security.web.servletapi.SecurityContextHolderAwareRequestFilter@71262020, org.springframework.security.web.authentication.AnonymousAuthenticationFilter@50785f86, org.springframework.security.web.access.ExceptionTranslationFilter@e91facf, org.springframework.security.web.access.intercept.AuthorizationFilter@37c87fcc]}?[0;39m
?[33m2024-02-21 19:53:58.974?[0;39m ?[31m[WARN]?[0;39m ?[35m46931?[0;39m ?[36m[WebSecurity.java : 292]?[0;39m ?[32m{You are asking Spring Security to ignore Ant [pattern='/build/**']. This is not recommended -- please use permitAll via HttpSecurity#authorizeHttpRequests instead.}?[0;39m
?[33m2024-02-21 19:53:58.975?[0;39m ?[31m[INFO]?[0;39m ?[35m46931?[0;39m ?[36m[DefaultSecurityFilterChain.java : 51]?[0;39m ?[32m{Will not secure Ant [pattern='/build/**']}?[0;39m
?[33m2024-02-21 19:53:58.975?[0;39m ?[31m[WARN]?[0;39m ?[35m46931?[0;39m ?[36m[WebSecurity.java : 292]?[0;39m ?[32m{You are asking Spring Security to ignore Ant [pattern='/css/**']. This is not recommended -- please use permitAll via HttpSecurity#authorizeHttpRequests instead.}?[0;39m
?[33m2024-02-21 19:53:58.975?[0;39m ?[31m[INFO]?[0;39m ?[35m46931?[0;39m ?[36m[DefaultSecurityFilterChain.java : 51]?[0;39m ?[32m{Will not secure Ant [pattern='/css/**']}?[0;39m
?[33m2024-02-21 19:53:58.975?[0;39m ?[31m[WARN]?[0;39m ?[35m46931?[0;39m ?[36m[WebSecurity.java : 292]?[0;39m ?[32m{You are asking Spring Security to ignore Ant [pattern='/dist/**']. This is not recommended -- please use permitAll via HttpSecurity#authorizeHttpRequests instead.}?[0;39m
?[33m2024-02-21 19:53:58.976?[0;39m ?[31m[INFO]?[0;39m ?[35m46931?[0;39m ?[36m[DefaultSecurityFilterChain.java : 51]?[0;39m ?[32m{Will not secure Ant [pattern='/dist/**']}?[0;39m
?[33m2024-02-21 19:53:58.976?[0;39m ?[31m[WARN]?[0;39m ?[35m46931?[0;39m ?[36m[WebSecurity.java : 292]?[0;39m ?[32m{You are asking Spring Security to ignore Ant [pattern='/docs/**']. This is not recommended -- please use permitAll via HttpSecurity#authorizeHttpRequests instead.}?[0;39m
?[33m2024-02-21 19:53:58.976?[0;39m ?[31m[INFO]?[0;39m ?[35m46931?[0;39m ?[36m[DefaultSecurityFilterChain.java : 51]?[0;39m ?[32m{Will not secure Ant [pattern='/docs/**']}?[0;39m
?[33m2024-02-21 19:53:58.976?[0;39m ?[31m[WARN]?[0;39m ?[35m46931?[0;39m ?[36m[WebSecurity.java : 292]?[0;39m ?[32m{You are asking Spring Security to ignore Ant [pattern='/img/**']. This is not recommended -- please use permitAll via HttpSecurity#authorizeHttpRequests instead.}?[0;39m
?[33m2024-02-21 19:53:58.976?[0;39m ?[31m[INFO]?[0;39m ?[35m46931?[0;39m ?[36m[DefaultSecurityFilterChain.java : 51]?[0;39m ?[32m{Will not secure Ant [pattern='/img/**']}?[0;39m
?[33m2024-02-21 19:53:58.976?[0;39m ?[31m[WARN]?[0;39m ?[35m46931?[0;39m ?[36m[WebSecurity.java : 292]?[0;39m ?[32m{You are asking Spring Security to ignore Ant [pattern='/page/**']. This is not recommended -- please use permitAll via HttpSecurity#authorizeHttpRequests instead.}?[0;39m
?[33m2024-02-21 19:53:58.977?[0;39m ?[31m[INFO]?[0;39m ?[35m46931?[0;39m ?[36m[DefaultSecurityFilterChain.java : 51]?[0;39m ?[32m{Will not secure Ant [pattern='/page/**']}?[0;39m
?[33m2024-02-21 19:53:58.977?[0;39m ?[31m[WARN]?[0;39m ?[35m46931?[0;39m ?[36m[WebSecurity.java : 292]?[0;39m ?[32m{You are asking Spring Security to ignore Ant [pattern='/plugins/**']. This is not recommended -- please use permitAll via HttpSecurity#authorizeHttpRequests instead.}?[0;39m
?[33m2024-02-21 19:53:58.977?[0;39m ?[31m[INFO]?[0;39m ?[35m46931?[0;39m ?[36m[DefaultSecurityFilterChain.java : 51]?[0;39m ?[32m{Will not secure Ant [pattern='/plugins/**']}?[0;39m
?[33m2024-02-21 19:53:59.245?[0;39m ?[31m[INFO]?[0;39m ?[35m46931?[0;39m ?[36m[StartupInfoLogger.java : 57]?[0;39m ?[32m{Started VetApplicationTests in 2.54 seconds (process running for 3.43)}?[0;39m
]]></system-out>
  <system-err><![CDATA[]]></system-err>
</testsuite>
